#
# A fatal error has been detected by the Java Runtime Environment:
#
#  EXCEPTION_ACCESS_VIOLATION (0xc0000005) at pc=0x00007ffbf2ad6a87, pid=6064, tid=4224
#
# JRE version: OpenJDK Runtime Environment (17.0.2+8) (build 17.0.2+8-86)
# Java VM: OpenJDK 64-Bit Server VM (17.0.2+8-86, mixed mode, sharing, tiered, compressed oops, compressed class ptrs, g1 gc, windows-amd64)
# Problematic frame:
# C  [glass.dll+0x26a87]
#
# No core dump will be written. Minidumps are not enabled by default on client versions of Windows
#
# If you would like to submit a bug report, please visit:
#   https://bugreport.java.com/bugreport/crash.jsp
#

---------------  S U M M A R Y ------------

Command Line: -javaagent:D:\IntelliJ IDEA Community Edition 2021.2.2\lib\idea_rt.jar=52286:D:\IntelliJ IDEA Community Edition 2021.2.2\bin -Dfile.encoding=UTF-8 --module-path=D:\Проекты джава\InterfaceBase\mysql-connector-java-8.0.25.jar;D:\Проекты джава\InterfaceBase\target\classes;C:\Users\bogst\.m2\repository\org\openjfx\javafx-base\17-ea+11\javafx-base-17-ea+11-win.jar;C:\Users\bogst\.m2\repository\org\openjfx\javafx-fxml\17-ea+11\javafx-fxml-17-ea+11-win.jar;C:\Users\bogst\.m2\repository\org\openjfx\javafx-controls\17-ea+11\javafx-controls-17-ea+11-win.jar;C:\Users\bogst\.m2\repository\org\openjfx\javafx-graphics\17-ea+11\javafx-graphics-17-ea+11-win.jar -Djdk.module.main=com.example.interfacebase com.example.interfacebase/com.example.interfacebase.HelloApplication

Host: 11th Gen Intel(R) Core(TM) i5-1135G7 @ 2.40GHz, 8 cores, 15G,  Windows 10 , 64 bit Build 19041 (10.0.19041.1741)
Time: Fri Jul  8 20:54:40 2022 RTZ 2 (s 10 , 64 bit Build 19041 (10.0.19041.1741) elapsed time: 179.008597 seconds (0d 0h 2m 59s)

---------------  T H R E A D  ---------------

Current thread (0x0000027f7f3c0f10):  VMThread "VM Thread" [stack: 0x00000087fe200000,0x00000087fe300000] [id=4224]

Stack: [0x00000087fe200000,0x00000087fe300000],  sp=0x00000087fe2fef10,  free space=1019k
Native frames: (J=compiled Java code, j=interpreted, Vv=VM code, C=native code)
C  [glass.dll+0x26a87]


siginfo: EXCEPTION_ACCESS_VIOLATION (0xc0000005), reading address 0x0000000000000000


Register to memory mapping:

RIP=0x00007ffbf2ad6a87 glass.dll
RAX=0x0 is NULL
RBX=0x0000027f7f3d6730 is a global jni handle
RCX=0x0000027f7f3c0f10 points into unknown readable memory: 0x00007ffb903be880 | 80 e8 3b 90 fb 7f 00 00
RDX=0x00000087fe2fef10 points into unknown readable memory: 0x0000000000000000 | 00 00 00 00 00 00 00 00
RSP=0x00000087fe2fef10 points into unknown readable memory: 0x0000000000000000 | 00 00 00 00 00 00 00 00
RBP=0x0000027f106377f8 points into unknown readable memory: 0x0000cef58d9cc819 | 19 c8 9c 8d f5 ce 00 00
RSI=0x0000027f106377d0 points into unknown readable memory: 0xf7e59489559cc8e6 | e6 c8 9c 55 89 94 e5 f7
RDI=0x0000cef58d9cc819 is an unknown value
R8 =0x0000000000010002 is an unknown value
R9 =0x0000cef58d9cc819 is an unknown value
R10=0x0000000000008000 is an unknown value
R11=0x00000087fe2feea0 points into unknown readable memory: 0x0000027f106377d0 | d0 77 63 10 7f 02 00 00
R12=0x00007ffbf2ad4354 glass.dll
R13=0x00007ffb905649d0 jvm.dll
R14=0x00000087fe2ff008 points into unknown readable memory: 0x00000087fe2feff0 | f0 ef 2f fe 87 00 00 00
R15=0x0000027f106377d0 points into unknown readable memory: 0xf7e59489559cc8e6 | e6 c8 9c 55 89 94 e5 f7


Registers:
RAX=0x0000000000000000, RBX=0x0000027f7f3d6730, RCX=0x0000027f7f3c0f10, RDX=0x00000087fe2fef10
RSP=0x00000087fe2fef10, RBP=0x0000027f106377f8, RSI=0x0000027f106377d0, RDI=0x0000cef58d9cc819
R8 =0x0000000000010002, R9 =0x0000cef58d9cc819, R10=0x0000000000008000, R11=0x00000087fe2feea0
R12=0x00007ffbf2ad4354, R13=0x00007ffb905649d0, R14=0x00000087fe2ff008, R15=0x0000027f106377d0
RIP=0x00007ffbf2ad6a87, EFLAGS=0x0000000000010202

Top of Stack: (sp=0x00000087fe2fef10)
0x00000087fe2fef10:   0000000000000000 0000027f106377d0
0x00000087fe2fef20:   00007ffb905649d0 00007ffbf2ad4354
0x00000087fe2fef30:   0000027f106377d8 00007ffc035c42d6
0x00000087fe2fef40:   0000cef58d9cc819 0000027f00000000
0x00000087fe2fef50:   0000027f106377f8 0000027f106377d0
0x00000087fe2fef60:   fffffffffffffffe 0000000000000000
0x00000087fe2fef70:   0000000000000001 00007ffbf2ab0000
0x00000087fe2fef80:   00000087fe2feff8 00007ffc035c41fb
0x00000087fe2fef90:   0000000000000000 00000087fe2ff008
0x00000087fe2fefa0:   00000087fe2ff2d0 00007ffc036a0e40
0x00000087fe2fefb0:   0000000000000001 00007ffc035c41b4
0x00000087fe2fefc0:   0000000000000000 0000000000000001
0x00000087fe2fefd0:   0000000000000000 00000087fe2feff8
0x00000087fe2fefe0:   0000000000000001 00007ffbf2ad41e1
0x00000087fe2feff0:   00007ffbf2aea138 00007ffb00000002
0x00000087fe2ff000:   0000000000000002 00000087fe2feff0 

Instructions: (pc=0x00007ffbf2ad6a87)
0x00007ffbf2ad6987:   8b 4d 58 e8 01 cf ff ff 48 8b 4d 60 e8 f8 ce ff
0x00007ffbf2ad6997:   ff 48 8b 95 80 00 00 00 48 8b 8d 18 01 00 00 e8
0x00007ffbf2ad69a7:   c6 c3 ff ff 33 d2 33 c9 e8 3c e1 ff ff 90 48 89
0x00007ffbf2ad69b7:   54 24 10 55 48 83 ec 20 48 8b ea 48 b8 00 00 00
0x00007ffbf2ad69c7:   00 00 00 00 00 48 83 c4 20 5d c3 cc 40 55 48 8b
0x00007ffbf2ad69d7:   ea 48 8b 01 33 c9 81 38 05 00 00 c0 0f 94 c1 8b
0x00007ffbf2ad69e7:   c1 5d c3 cc 40 55 48 83 ec 20 48 8b ea 8a 4d 40
0x00007ffbf2ad69f7:   48 83 c4 20 5d e9 f7 d2 ff ff cc 40 55 48 83 ec
0x00007ffbf2ad6a07:   20 48 8b ea 8a 4d 20 e8 e5 d2 ff ff 90 48 83 c4
0x00007ffbf2ad6a17:   20 5d c3 cc 40 55 48 83 ec 20 48 8b ea 48 83 c4
0x00007ffbf2ad6a27:   20 5d e9 46 d1 ff ff cc 40 55 48 83 ec 30 48 8b
0x00007ffbf2ad6a37:   ea 48 8b 01 8b 10 48 89 4c 24 28 89 54 24 20 4c
0x00007ffbf2ad6a47:   8d 0d e7 d5 ff ff 4c 8b 45 70 8b 55 68 48 8b 4d
0x00007ffbf2ad6a57:   60 e8 87 d0 ff ff 90 48 83 c4 30 5d c3 cc cc cc
0x00007ffbf2ad6a67:   cc cc cc cc cc cc cc cc cc 40 53 48 83 ec 20 48
0x00007ffbf2ad6a77:   8b 1d b3 30 01 00 48 85 db 74 16 e8 09 8b ff ff
0x00007ffbf2ad6a87:   4c 8b 00 48 8b d3 48 8b c8 41 ff 90 b0 00 00 00
0x00007ffbf2ad6a97:   90 48 83 c4 20 5b c3 cc cc 40 53 48 83 ec 20 48
0x00007ffbf2ad6aa7:   8b 1d 2b 32 01 00 48 85 db 74 57 b8 ff ff ff ff
0x00007ffbf2ad6ab7:   f0 0f c1 43 10 83 f8 01 75 3d 48 85 db 74 38 48
0x00007ffbf2ad6ac7:   8b 0b 48 85 c9 74 0d ff 15 d4 07 00 00 48 c7 03
0x00007ffbf2ad6ad7:   00 00 00 00 48 8b 4b 08 48 85 c9 74 0d e8 a7 cd
0x00007ffbf2ad6ae7:   ff ff 48 c7 43 08 00 00 00 00 ba 18 00 00 00 48
0x00007ffbf2ad6af7:   8b cb e8 92 cd ff ff 48 c7 05 cf 31 01 00 00 00
0x00007ffbf2ad6b07:   00 00 48 83 c4 20 5b c3 cc 40 53 48 83 ec 20 48
0x00007ffbf2ad6b17:   8b 1d 9b 31 01 00 48 85 db 74 57 b8 ff ff ff ff
0x00007ffbf2ad6b27:   f0 0f c1 43 10 83 f8 01 75 3d 48 85 db 74 38 48
0x00007ffbf2ad6b37:   8b 0b 48 85 c9 74 0d ff 15 64 07 00 00 48 c7 03
0x00007ffbf2ad6b47:   00 00 00 00 48 8b 4b 08 48 85 c9 74 0d e8 37 cd
0x00007ffbf2ad6b57:   ff ff 48 c7 43 08 00 00 00 00 ba 18 00 00 00 48
0x00007ffbf2ad6b67:   8b cb e8 22 cd ff ff 48 c7 05 3f 31 01 00 00 00
0x00007ffbf2ad6b77:   00 00 48 83 c4 20 5b c3 cc 40 53 48 83 ec 20 48 


Stack slot to memory mapping:
stack at sp + 0 slots: 0x0 is NULL
stack at sp + 1 slots: 0x0000027f106377d0 points into unknown readable memory: 0xf7e59489559cc8e6 | e6 c8 9c 55 89 94 e5 f7
stack at sp + 2 slots: 0x00007ffb905649d0 jvm.dll
stack at sp + 3 slots: 0x00007ffbf2ad4354 glass.dll
stack at sp + 4 slots: 0x0000027f106377d8 points into unknown readable memory: 0x0000cef58d9cc819 | 19 c8 9c 8d f5 ce 00 00
stack at sp + 5 slots: 0x00007ffc035c42d6 ucrtbase.dll
stack at sp + 6 slots: 0x0000cef58d9cc819 is an unknown value
stack at sp + 7 slots: 0x0000027f00000000 points into unknown readable memory: 0x0000000000000006 | 06 00 00 00 00 00 00 00

VM_Operation (0x00000087800fefb0): Exit, mode: safepoint, requested by thread 0x0000027f1064edb0


---------------  P R O C E S S  ---------------

Threads class SMR info:
_java_thread_list=0x0000027f10351a60, length=21, elements={
0x0000027f6981cf40, 0x0000027f7f3c90e0, 0x0000027f7f3c9c90, 0x0000027f7f3e1e20,
0x0000027f7f3e47e0, 0x0000027f7f3e5190, 0x0000027f7f3e5f20, 0x0000027f7f3f8870,
0x0000027f7f3f9260, 0x0000027f7f3b1700, 0x0000027f0fd80320, 0x0000027f0fd807f0,
0x0000027f1040e040, 0x0000027f1063af10, 0x0000027f10650a90, 0x0000027f106505c0,
0x0000027f10651dd0, 0x0000027f106522a0, 0x0000027f1064fc20, 0x0000027f10651900,
0x0000027f1064edb0
}

Java Threads: ( => current thread )
  0x0000027f6981cf40 JavaThread "main" [_thread_blocked, id=6196, stack(0x00000087fdc00000,0x00000087fdd00000)]
  0x0000027f7f3c90e0 JavaThread "Reference Handler" daemon [_thread_blocked, id=12936, stack(0x00000087fe300000,0x00000087fe400000)]
  0x0000027f7f3c9c90 JavaThread "Finalizer" daemon [_thread_blocked, id=6108, stack(0x00000087fe400000,0x00000087fe500000)]
  0x0000027f7f3e1e20 JavaThread "Attach Listener" daemon [_thread_blocked, id=7024, stack(0x00000087fe600000,0x00000087fe700000)]
  0x0000027f7f3e47e0 JavaThread "Service Thread" daemon [_thread_blocked, id=13632, stack(0x00000087fe700000,0x00000087fe800000)]
  0x0000027f7f3e5190 JavaThread "Monitor Deflation Thread" daemon [_thread_blocked, id=3980, stack(0x00000087fe800000,0x00000087fe900000)]
  0x0000027f7f3e5f20 JavaThread "C2 CompilerThread0" daemon [_thread_blocked, id=5780, stack(0x00000087fe900000,0x00000087fea00000)]
  0x0000027f7f3f8870 JavaThread "C1 CompilerThread0" daemon [_thread_blocked, id=5348, stack(0x00000087fea00000,0x00000087feb00000)]
  0x0000027f7f3f9260 JavaThread "Sweeper thread" daemon [_thread_blocked, id=17624, stack(0x00000087feb00000,0x00000087fec00000)]
  0x0000027f7f3b1700 JavaThread "Common-Cleaner" daemon [_thread_blocked, id=16072, stack(0x00000087fec00000,0x00000087fed00000)]
  0x0000027f0fd80320 JavaThread "Monitor Ctrl-Break" daemon [_thread_in_native, id=14772, stack(0x00000087fef00000,0x00000087ff000000)]
  0x0000027f0fd807f0 JavaThread "Notification Thread" daemon [_thread_blocked, id=17640, stack(0x00000087ff000000,0x00000087ff100000)]
  0x0000027f1040e040 JavaThread "QuantumRenderer-0" daemon [_thread_blocked, id=1860, stack(0x00000087ff200000,0x00000087ff300000)]
  0x0000027f1063af10 JavaThread "InvokeLaterDispatcher" daemon [_thread_blocked, id=14264, stack(0x00000087ff300000,0x00000087ff400000)]
  0x0000027f10650a90 JavaThread "JavaFX Application Thread" [_thread_in_native, id=1524, stack(0x00000087ff400000,0x00000087ff500000)]
  0x0000027f106505c0 JavaThread "JavaFX-Launcher" [_thread_blocked, id=11412, stack(0x00000087ff800000,0x00000087ff900000)]
  0x0000027f10651dd0 JavaThread "Thread-2" daemon [_thread_in_native, id=13716, stack(0x00000087fee00000,0x00000087fef00000)]
  0x0000027f106522a0 JavaThread "Prism Font Disposer" daemon [_thread_blocked, id=2444, stack(0x0000008780100000,0x0000008780200000)]
  0x0000027f1064fc20 JavaThread "Cleaner-0" daemon [_thread_blocked, id=6840, stack(0x0000008780200000,0x0000008780300000)]
  0x0000027f10651900 JavaThread "mysql-cj-abandoned-connection-cleanup" daemon [_thread_blocked, id=15340, stack(0x0000008780500000,0x0000008780600000)]
  0x0000027f1064edb0 JavaThread "SIGINT handler" daemon [_thread_blocked, id=12508, stack(0x0000008780000000,0x0000008780100000)]

Other Threads:
=>0x0000027f7f3c0f10 VMThread "VM Thread" [stack: 0x00000087fe200000,0x00000087fe300000] [id=4224]
  0x0000027f6986d050 GCTaskThread "GC Thread#0" [stack: 0x00000087fdd00000,0x00000087fde00000] [id=12152]
  0x0000027f10943490 GCTaskThread "GC Thread#1" [stack: 0x00000087ff900000,0x00000087ffa00000] [id=11984]
  0x0000027f1092b0e0 GCTaskThread "GC Thread#2" [stack: 0x00000087ffa00000,0x00000087ffb00000] [id=13748]
  0x0000027f109cee20 GCTaskThread "GC Thread#3" [stack: 0x00000087ffb00000,0x00000087ffc00000] [id=2612]
  0x0000027f10952aa0 GCTaskThread "GC Thread#4" [stack: 0x00000087ffc00000,0x00000087ffd00000] [id=9808]
  0x0000027f102ea190 GCTaskThread "GC Thread#5" [stack: 0x00000087ffd00000,0x00000087ffe00000] [id=17820]
  0x0000027f10e38c90 GCTaskThread "GC Thread#6" [stack: 0x0000008780300000,0x0000008780400000] [id=17528]
  0x0000027f10e37f20 GCTaskThread "GC Thread#7" [stack: 0x0000008780400000,0x0000008780500000] [id=5540]
  0x0000027f6987dc60 ConcurrentGCThread "G1 Main Marker" terminated
  0x0000027f6987e670 ConcurrentGCThread "G1 Conc#0" [stack: 0x00000087fdf00000,0x00000087fe000000] [id=15740]
  0x0000027f698f59f0 ConcurrentGCThread "G1 Refine#0" terminated
  0x0000027f7f282610 ConcurrentGCThread "G1 Service" terminated

Threads with active compile tasks:

VM state: at safepoint (shutting down)

VM Mutex/Monitor currently owned by a thread:  ([mutex/lock_event])
[0x0000027f698173c0] Threads_lock - owner thread: 0x0000027f7f3c0f10
[0x0000027f698179f0] Heap_lock - owner thread: 0x0000027f1064edb0

Heap address: 0x0000000703200000, size: 4046 MB, Compressed Oops mode: Zero based, Oop shift amount: 3

CDS archive(s) mapped at: [0x0000000800000000-0x0000000800bc0000-0x0000000800bc0000), size 12320768, SharedBaseAddress: 0x0000000800000000, ArchiveRelocationMode: 0.
Compressed class space mapped at: 0x0000000800c00000-0x0000000840c00000, reserved size: 1073741824
Narrow klass base: 0x0000000800000000, Narrow klass shift: 0, Narrow klass range: 0x100000000

GC Precious Log:
 CPUs: 8 total, 8 available
 Memory: 16183M
 Large Page Support: Disabled
 NUMA Support: Disabled
 Compressed Oops: Enabled (Zero based)
 Heap Region Size: 2M
 Heap Min Capacity: 8M
 Heap Initial Capacity: 254M
 Heap Max Capacity: 4046M
 Pre-touch: Disabled
 Parallel Workers: 8
 Concurrent Workers: 2
 Concurrent Refinement Workers: 8
 Periodic GC: Disabled

Heap:
 garbage-first heap   total 260096K, used 27773K [0x0000000703200000, 0x0000000800000000)
  region size 2048K, 13 young (26624K), 3 survivors (6144K)
 Metaspace       used 18270K, committed 18496K, reserved 1073152K
  class space    used 2449K, committed 2560K, reserved 1048576K

Heap Regions: E=young(eden), S=young(survivor), O=old, HS=humongous(starts), HC=humongous(continues), CS=collection set, F=free, OA=open archive, CA=closed archive, TAMS=top-at-mark-start (previous, next)
|   0|0x0000000703200000, 0x0000000703400000, 0x0000000703400000|100%|HS|  |TAMS 0x0000000703200000, 0x0000000703200000| Complete 
|   1|0x0000000703400000, 0x000000070351f400, 0x0000000703600000| 56%| O|  |TAMS 0x0000000703400000, 0x0000000703400000| Untracked 
|   2|0x0000000703600000, 0x0000000703600000, 0x0000000703800000|  0%| F|  |TAMS 0x0000000703600000, 0x0000000703600000| Untracked 
|   3|0x0000000703800000, 0x0000000703800000, 0x0000000703a00000|  0%| F|  |TAMS 0x0000000703800000, 0x0000000703800000| Untracked 
|   4|0x0000000703a00000, 0x0000000703a00000, 0x0000000703c00000|  0%| F|  |TAMS 0x0000000703a00000, 0x0000000703a00000| Untracked 
|   5|0x0000000703c00000, 0x0000000703c00000, 0x0000000703e00000|  0%| F|  |TAMS 0x0000000703c00000, 0x0000000703c00000| Untracked 
|   6|0x0000000703e00000, 0x0000000703e00000, 0x0000000704000000|  0%| F|  |TAMS 0x0000000703e00000, 0x0000000703e00000| Untracked 
|   7|0x0000000704000000, 0x0000000704000000, 0x0000000704200000|  0%| F|  |TAMS 0x0000000704000000, 0x0000000704000000| Untracked 
|   8|0x0000000704200000, 0x0000000704200000, 0x0000000704400000|  0%| F|  |TAMS 0x0000000704200000, 0x0000000704200000| Untracked 
|   9|0x0000000704400000, 0x0000000704400000, 0x0000000704600000|  0%| F|  |TAMS 0x0000000704400000, 0x0000000704400000| Untracked 
|  10|0x0000000704600000, 0x0000000704600000, 0x0000000704800000|  0%| F|  |TAMS 0x0000000704600000, 0x0000000704600000| Untracked 
|  11|0x0000000704800000, 0x0000000704800000, 0x0000000704a00000|  0%| F|  |TAMS 0x0000000704800000, 0x0000000704800000| Untracked 
|  12|0x0000000704a00000, 0x0000000704a00000, 0x0000000704c00000|  0%| F|  |TAMS 0x0000000704a00000, 0x0000000704a00000| Untracked 
|  13|0x0000000704c00000, 0x0000000704c00000, 0x0000000704e00000|  0%| F|  |TAMS 0x0000000704c00000, 0x0000000704c00000| Untracked 
|  14|0x0000000704e00000, 0x0000000704e00000, 0x0000000705000000|  0%| F|  |TAMS 0x0000000704e00000, 0x0000000704e00000| Untracked 
|  15|0x0000000705000000, 0x0000000705000000, 0x0000000705200000|  0%| F|  |TAMS 0x0000000705000000, 0x0000000705000000| Untracked 
|  16|0x0000000705200000, 0x0000000705200000, 0x0000000705400000|  0%| F|  |TAMS 0x0000000705200000, 0x0000000705200000| Untracked 
|  17|0x0000000705400000, 0x0000000705400000, 0x0000000705600000|  0%| F|  |TAMS 0x0000000705400000, 0x0000000705400000| Untracked 
|  18|0x0000000705600000, 0x0000000705600000, 0x0000000705800000|  0%| F|  |TAMS 0x0000000705600000, 0x0000000705600000| Untracked 
|  19|0x0000000705800000, 0x0000000705800000, 0x0000000705a00000|  0%| F|  |TAMS 0x0000000705800000, 0x0000000705800000| Untracked 
|  20|0x0000000705a00000, 0x0000000705a00000, 0x0000000705c00000|  0%| F|  |TAMS 0x0000000705a00000, 0x0000000705a00000| Untracked 
|  21|0x0000000705c00000, 0x0000000705c00000, 0x0000000705e00000|  0%| F|  |TAMS 0x0000000705c00000, 0x0000000705c00000| Untracked 
|  22|0x0000000705e00000, 0x0000000705e00000, 0x0000000706000000|  0%| F|  |TAMS 0x0000000705e00000, 0x0000000705e00000| Untracked 
|  23|0x0000000706000000, 0x0000000706000000, 0x0000000706200000|  0%| F|  |TAMS 0x0000000706000000, 0x0000000706000000| Untracked 
|  24|0x0000000706200000, 0x0000000706200000, 0x0000000706400000|  0%| F|  |TAMS 0x0000000706200000, 0x0000000706200000| Untracked 
|  25|0x0000000706400000, 0x0000000706400000, 0x0000000706600000|  0%| F|  |TAMS 0x0000000706400000, 0x0000000706400000| Untracked 
|  26|0x0000000706600000, 0x0000000706600000, 0x0000000706800000|  0%| F|  |TAMS 0x0000000706600000, 0x0000000706600000| Untracked 
|  27|0x0000000706800000, 0x0000000706800000, 0x0000000706a00000|  0%| F|  |TAMS 0x0000000706800000, 0x0000000706800000| Untracked 
|  28|0x0000000706a00000, 0x0000000706a00000, 0x0000000706c00000|  0%| F|  |TAMS 0x0000000706a00000, 0x0000000706a00000| Untracked 
|  29|0x0000000706c00000, 0x0000000706c00000, 0x0000000706e00000|  0%| F|  |TAMS 0x0000000706c00000, 0x0000000706c00000| Untracked 
|  30|0x0000000706e00000, 0x0000000706e00000, 0x0000000707000000|  0%| F|  |TAMS 0x0000000706e00000, 0x0000000706e00000| Untracked 
|  31|0x0000000707000000, 0x0000000707000000, 0x0000000707200000|  0%| F|  |TAMS 0x0000000707000000, 0x0000000707000000| Untracked 
|  32|0x0000000707200000, 0x0000000707200000, 0x0000000707400000|  0%| F|  |TAMS 0x0000000707200000, 0x0000000707200000| Untracked 
|  33|0x0000000707400000, 0x0000000707400000, 0x0000000707600000|  0%| F|  |TAMS 0x0000000707400000, 0x0000000707400000| Untracked 
|  34|0x0000000707600000, 0x0000000707600000, 0x0000000707800000|  0%| F|  |TAMS 0x0000000707600000, 0x0000000707600000| Untracked 
|  35|0x0000000707800000, 0x0000000707800000, 0x0000000707a00000|  0%| F|  |TAMS 0x0000000707800000, 0x0000000707800000| Untracked 
|  36|0x0000000707a00000, 0x0000000707a00000, 0x0000000707c00000|  0%| F|  |TAMS 0x0000000707a00000, 0x0000000707a00000| Untracked 
|  37|0x0000000707c00000, 0x0000000707c00000, 0x0000000707e00000|  0%| F|  |TAMS 0x0000000707c00000, 0x0000000707c00000| Untracked 
|  38|0x0000000707e00000, 0x0000000707e00000, 0x0000000708000000|  0%| F|  |TAMS 0x0000000707e00000, 0x0000000707e00000| Untracked 
|  39|0x0000000708000000, 0x0000000708000000, 0x0000000708200000|  0%| F|  |TAMS 0x0000000708000000, 0x0000000708000000| Untracked 
|  40|0x0000000708200000, 0x0000000708200000, 0x0000000708400000|  0%| F|  |TAMS 0x0000000708200000, 0x0000000708200000| Untracked 
|  41|0x0000000708400000, 0x0000000708400000, 0x0000000708600000|  0%| F|  |TAMS 0x0000000708400000, 0x0000000708400000| Untracked 
|  42|0x0000000708600000, 0x0000000708600000, 0x0000000708800000|  0%| F|  |TAMS 0x0000000708600000, 0x0000000708600000| Untracked 
|  43|0x0000000708800000, 0x0000000708800000, 0x0000000708a00000|  0%| F|  |TAMS 0x0000000708800000, 0x0000000708800000| Untracked 
|  44|0x0000000708a00000, 0x0000000708a00000, 0x0000000708c00000|  0%| F|  |TAMS 0x0000000708a00000, 0x0000000708a00000| Untracked 
|  45|0x0000000708c00000, 0x0000000708c00000, 0x0000000708e00000|  0%| F|  |TAMS 0x0000000708c00000, 0x0000000708c00000| Untracked 
|  46|0x0000000708e00000, 0x0000000708e00000, 0x0000000709000000|  0%| F|  |TAMS 0x0000000708e00000, 0x0000000708e00000| Untracked 
|  47|0x0000000709000000, 0x0000000709000000, 0x0000000709200000|  0%| F|  |TAMS 0x0000000709000000, 0x0000000709000000| Untracked 
|  48|0x0000000709200000, 0x0000000709200000, 0x0000000709400000|  0%| F|  |TAMS 0x0000000709200000, 0x0000000709200000| Untracked 
|  49|0x0000000709400000, 0x0000000709400000, 0x0000000709600000|  0%| F|  |TAMS 0x0000000709400000, 0x0000000709400000| Untracked 
|  50|0x0000000709600000, 0x0000000709600000, 0x0000000709800000|  0%| F|  |TAMS 0x0000000709600000, 0x0000000709600000| Untracked 
|  51|0x0000000709800000, 0x0000000709800000, 0x0000000709a00000|  0%| F|  |TAMS 0x0000000709800000, 0x0000000709800000| Untracked 
|  52|0x0000000709a00000, 0x0000000709a00000, 0x0000000709c00000|  0%| F|  |TAMS 0x0000000709a00000, 0x0000000709a00000| Untracked 
|  53|0x0000000709c00000, 0x0000000709c00000, 0x0000000709e00000|  0%| F|  |TAMS 0x0000000709c00000, 0x0000000709c00000| Untracked 
|  54|0x0000000709e00000, 0x0000000709e00000, 0x000000070a000000|  0%| F|  |TAMS 0x0000000709e00000, 0x0000000709e00000| Untracked 
|  55|0x000000070a000000, 0x000000070a000000, 0x000000070a200000|  0%| F|  |TAMS 0x000000070a000000, 0x000000070a000000| Untracked 
|  56|0x000000070a200000, 0x000000070a200000, 0x000000070a400000|  0%| F|  |TAMS 0x000000070a200000, 0x000000070a200000| Untracked 
|  57|0x000000070a400000, 0x000000070a400000, 0x000000070a600000|  0%| F|  |TAMS 0x000000070a400000, 0x000000070a400000| Untracked 
|  58|0x000000070a600000, 0x000000070a600000, 0x000000070a800000|  0%| F|  |TAMS 0x000000070a600000, 0x000000070a600000| Untracked 
|  59|0x000000070a800000, 0x000000070a800000, 0x000000070aa00000|  0%| F|  |TAMS 0x000000070a800000, 0x000000070a800000| Untracked 
|  60|0x000000070aa00000, 0x000000070aa00000, 0x000000070ac00000|  0%| F|  |TAMS 0x000000070aa00000, 0x000000070aa00000| Untracked 
|  61|0x000000070ac00000, 0x000000070ac00000, 0x000000070ae00000|  0%| F|  |TAMS 0x000000070ac00000, 0x000000070ac00000| Untracked 
|  62|0x000000070ae00000, 0x000000070ae00000, 0x000000070b000000|  0%| F|  |TAMS 0x000000070ae00000, 0x000000070ae00000| Untracked 
|  63|0x000000070b000000, 0x000000070b000000, 0x000000070b200000|  0%| F|  |TAMS 0x000000070b000000, 0x000000070b000000| Untracked 
|  64|0x000000070b200000, 0x000000070b200000, 0x000000070b400000|  0%| F|  |TAMS 0x000000070b200000, 0x000000070b200000| Untracked 
|  65|0x000000070b400000, 0x000000070b400000, 0x000000070b600000|  0%| F|  |TAMS 0x000000070b400000, 0x000000070b400000| Untracked 
|  66|0x000000070b600000, 0x000000070b600000, 0x000000070b800000|  0%| F|  |TAMS 0x000000070b600000, 0x000000070b600000| Untracked 
|  67|0x000000070b800000, 0x000000070b800000, 0x000000070ba00000|  0%| F|  |TAMS 0x000000070b800000, 0x000000070b800000| Untracked 
|  68|0x000000070ba00000, 0x000000070ba00000, 0x000000070bc00000|  0%| F|  |TAMS 0x000000070ba00000, 0x000000070ba00000| Untracked 
|  69|0x000000070bc00000, 0x000000070bc00000, 0x000000070be00000|  0%| F|  |TAMS 0x000000070bc00000, 0x000000070bc00000| Untracked 
|  70|0x000000070be00000, 0x000000070be00000, 0x000000070c000000|  0%| F|  |TAMS 0x000000070be00000, 0x000000070be00000| Untracked 
|  71|0x000000070c000000, 0x000000070c000000, 0x000000070c200000|  0%| F|  |TAMS 0x000000070c000000, 0x000000070c000000| Untracked 
|  72|0x000000070c200000, 0x000000070c200000, 0x000000070c400000|  0%| F|  |TAMS 0x000000070c200000, 0x000000070c200000| Untracked 
|  73|0x000000070c400000, 0x000000070c400000, 0x000000070c600000|  0%| F|  |TAMS 0x000000070c400000, 0x000000070c400000| Untracked 
|  74|0x000000070c600000, 0x000000070c600000, 0x000000070c800000|  0%| F|  |TAMS 0x000000070c600000, 0x000000070c600000| Untracked 
|  75|0x000000070c800000, 0x000000070c800000, 0x000000070ca00000|  0%| F|  |TAMS 0x000000070c800000, 0x000000070c800000| Untracked 
|  76|0x000000070ca00000, 0x000000070ca00000, 0x000000070cc00000|  0%| F|  |TAMS 0x000000070ca00000, 0x000000070ca00000| Untracked 
|  77|0x000000070cc00000, 0x000000070cc00000, 0x000000070ce00000|  0%| F|  |TAMS 0x000000070cc00000, 0x000000070cc00000| Untracked 
|  78|0x000000070ce00000, 0x000000070ce00000, 0x000000070d000000|  0%| F|  |TAMS 0x000000070ce00000, 0x000000070ce00000| Untracked 
|  79|0x000000070d000000, 0x000000070d000000, 0x000000070d200000|  0%| F|  |TAMS 0x000000070d000000, 0x000000070d000000| Untracked 
|  80|0x000000070d200000, 0x000000070d200000, 0x000000070d400000|  0%| F|  |TAMS 0x000000070d200000, 0x000000070d200000| Untracked 
|  81|0x000000070d400000, 0x000000070d400000, 0x000000070d600000|  0%| F|  |TAMS 0x000000070d400000, 0x000000070d400000| Untracked 
|  82|0x000000070d600000, 0x000000070d600000, 0x000000070d800000|  0%| F|  |TAMS 0x000000070d600000, 0x000000070d600000| Untracked 
|  83|0x000000070d800000, 0x000000070d800000, 0x000000070da00000|  0%| F|  |TAMS 0x000000070d800000, 0x000000070d800000| Untracked 
|  84|0x000000070da00000, 0x000000070da00000, 0x000000070dc00000|  0%| F|  |TAMS 0x000000070da00000, 0x000000070da00000| Untracked 
|  85|0x000000070dc00000, 0x000000070dc00000, 0x000000070de00000|  0%| F|  |TAMS 0x000000070dc00000, 0x000000070dc00000| Untracked 
|  86|0x000000070de00000, 0x000000070de00000, 0x000000070e000000|  0%| F|  |TAMS 0x000000070de00000, 0x000000070de00000| Untracked 
|  87|0x000000070e000000, 0x000000070e000000, 0x000000070e200000|  0%| F|  |TAMS 0x000000070e000000, 0x000000070e000000| Untracked 
|  88|0x000000070e200000, 0x000000070e200000, 0x000000070e400000|  0%| F|  |TAMS 0x000000070e200000, 0x000000070e200000| Untracked 
|  89|0x000000070e400000, 0x000000070e400000, 0x000000070e600000|  0%| F|  |TAMS 0x000000070e400000, 0x000000070e400000| Untracked 
|  90|0x000000070e600000, 0x000000070e600000, 0x000000070e800000|  0%| F|  |TAMS 0x000000070e600000, 0x000000070e600000| Untracked 
|  91|0x000000070e800000, 0x000000070e800000, 0x000000070ea00000|  0%| F|  |TAMS 0x000000070e800000, 0x000000070e800000| Untracked 
|  92|0x000000070ea00000, 0x000000070ea00000, 0x000000070ec00000|  0%| F|  |TAMS 0x000000070ea00000, 0x000000070ea00000| Untracked 
|  93|0x000000070ec00000, 0x000000070ec00000, 0x000000070ee00000|  0%| F|  |TAMS 0x000000070ec00000, 0x000000070ec00000| Untracked 
|  94|0x000000070ee00000, 0x000000070ee00000, 0x000000070f000000|  0%| F|  |TAMS 0x000000070ee00000, 0x000000070ee00000| Untracked 
|  95|0x000000070f000000, 0x000000070f000000, 0x000000070f200000|  0%| F|  |TAMS 0x000000070f000000, 0x000000070f000000| Untracked 
|  96|0x000000070f200000, 0x000000070f200000, 0x000000070f400000|  0%| F|  |TAMS 0x000000070f200000, 0x000000070f200000| Untracked 
|  97|0x000000070f400000, 0x000000070f400000, 0x000000070f600000|  0%| F|  |TAMS 0x000000070f400000, 0x000000070f400000| Untracked 
|  98|0x000000070f600000, 0x000000070f600000, 0x000000070f800000|  0%| F|  |TAMS 0x000000070f600000, 0x000000070f600000| Untracked 
|  99|0x000000070f800000, 0x000000070f800000, 0x000000070fa00000|  0%| F|  |TAMS 0x000000070f800000, 0x000000070f800000| Untracked 
| 100|0x000000070fa00000, 0x000000070fa00000, 0x000000070fc00000|  0%| F|  |TAMS 0x000000070fa00000, 0x000000070fa00000| Untracked 
| 101|0x000000070fc00000, 0x000000070fc00000, 0x000000070fe00000|  0%| F|  |TAMS 0x000000070fc00000, 0x000000070fc00000| Untracked 
| 102|0x000000070fe00000, 0x000000070fe00000, 0x0000000710000000|  0%| F|  |TAMS 0x000000070fe00000, 0x000000070fe00000| Untracked 
| 103|0x0000000710000000, 0x0000000710000000, 0x0000000710200000|  0%| F|  |TAMS 0x0000000710000000, 0x0000000710000000| Untracked 
| 104|0x0000000710200000, 0x0000000710200000, 0x0000000710400000|  0%| F|  |TAMS 0x0000000710200000, 0x0000000710200000| Untracked 
| 105|0x0000000710400000, 0x0000000710600000, 0x0000000710600000|100%| S|CS|TAMS 0x0000000710400000, 0x0000000710400000| Complete 
| 106|0x0000000710600000, 0x0000000710800000, 0x0000000710800000|100%| S|CS|TAMS 0x0000000710600000, 0x0000000710600000| Complete 
| 107|0x0000000710800000, 0x0000000710a00000, 0x0000000710a00000|100%| S|CS|TAMS 0x0000000710800000, 0x0000000710800000| Complete 
| 108|0x0000000710a00000, 0x0000000710a00000, 0x0000000710c00000|  0%| F|  |TAMS 0x0000000710a00000, 0x0000000710a00000| Untracked 
| 109|0x0000000710c00000, 0x0000000710c00000, 0x0000000710e00000|  0%| F|  |TAMS 0x0000000710c00000, 0x0000000710c00000| Untracked 
| 110|0x0000000710e00000, 0x0000000710e00000, 0x0000000711000000|  0%| F|  |TAMS 0x0000000710e00000, 0x0000000710e00000| Untracked 
| 111|0x0000000711000000, 0x0000000711000000, 0x0000000711200000|  0%| F|  |TAMS 0x0000000711000000, 0x0000000711000000| Untracked 
| 112|0x0000000711200000, 0x0000000711200000, 0x0000000711400000|  0%| F|  |TAMS 0x0000000711200000, 0x0000000711200000| Untracked 
| 113|0x0000000711400000, 0x0000000711400000, 0x0000000711600000|  0%| F|  |TAMS 0x0000000711400000, 0x0000000711400000| Untracked 
| 114|0x0000000711600000, 0x0000000711600000, 0x0000000711800000|  0%| F|  |TAMS 0x0000000711600000, 0x0000000711600000| Untracked 
| 115|0x0000000711800000, 0x0000000711800000, 0x0000000711a00000|  0%| F|  |TAMS 0x0000000711800000, 0x0000000711800000| Untracked 
| 116|0x0000000711a00000, 0x0000000711a00000, 0x0000000711c00000|  0%| F|  |TAMS 0x0000000711a00000, 0x0000000711a00000| Untracked 
| 117|0x0000000711c00000, 0x0000000711d76480, 0x0000000711e00000| 73%| E|  |TAMS 0x0000000711c00000, 0x0000000711c00000| Complete 
| 118|0x0000000711e00000, 0x0000000712000000, 0x0000000712000000|100%| E|CS|TAMS 0x0000000711e00000, 0x0000000711e00000| Complete 
| 119|0x0000000712000000, 0x0000000712200000, 0x0000000712200000|100%| E|CS|TAMS 0x0000000712000000, 0x0000000712000000| Complete 
| 120|0x0000000712200000, 0x0000000712400000, 0x0000000712400000|100%| E|CS|TAMS 0x0000000712200000, 0x0000000712200000| Complete 
| 121|0x0000000712400000, 0x0000000712600000, 0x0000000712600000|100%| E|CS|TAMS 0x0000000712400000, 0x0000000712400000| Complete 
| 122|0x0000000712600000, 0x0000000712800000, 0x0000000712800000|100%| E|CS|TAMS 0x0000000712600000, 0x0000000712600000| Complete 
| 123|0x0000000712800000, 0x0000000712a00000, 0x0000000712a00000|100%| E|CS|TAMS 0x0000000712800000, 0x0000000712800000| Complete 
| 124|0x0000000712a00000, 0x0000000712c00000, 0x0000000712c00000|100%| E|CS|TAMS 0x0000000712a00000, 0x0000000712a00000| Complete 
| 125|0x0000000712c00000, 0x0000000712e00000, 0x0000000712e00000|100%| E|CS|TAMS 0x0000000712c00000, 0x0000000712c00000| Complete 
| 126|0x0000000712e00000, 0x0000000713000000, 0x0000000713000000|100%| E|CS|TAMS 0x0000000712e00000, 0x0000000712e00000| Complete 

Card table byte_map: [0x0000027f73ab0000,0x0000027f742a0000] _byte_map_base: 0x0000027f70297000

Marking Bits (Prev, Next): (CMBitMap*) 0x0000027f6986d660, (CMBitMap*) 0x0000027f6986d6a0
 Prev Bits: [0x0000027f74a90000, 0x0000027f789c8000)
 Next Bits: [0x0000027f789d0000, 0x0000027f7c908000)

Polling page: 0x0000027f69900000

Metaspace:

Usage:
  Non-class:     15.45 MB used.
      Class:      2.39 MB used.
       Both:     17.84 MB used.

Virtual space:
  Non-class space:       24.00 MB reserved,      15.56 MB ( 65%) committed,  3 nodes.
      Class space:        1.00 GB reserved,       2.50 MB ( <1%) committed,  1 nodes.
             Both:        1.02 GB reserved,      18.06 MB (  2%) committed. 

Chunk freelists:
   Non-Class:  3.95 MB
       Class:  1.53 MB
        Both:  5.49 MB

MaxMetaspaceSize: unlimited
CompressedClassSpaceSize: 1.00 GB
Initial GC threshold: 21.00 MB
Current GC threshold: 21.00 MB
CDS: on
MetaspaceReclaimPolicy: balanced
 - commit_granule_bytes: 65536.
 - commit_granule_words: 8192.
 - virtual_space_node_default_size: 1048576.
 - enlarge_chunks_in_place: 1.
 - new_chunks_are_fully_committed: 0.
 - uncommit_free_chunks: 1.
 - use_allocation_guard: 0.
 - handle_deallocations: 1.


Internal statistics:

num_allocs_failed_limit: 0.
num_arena_births: 240.
num_arena_deaths: 0.
num_vsnodes_births: 4.
num_vsnodes_deaths: 0.
num_space_committed: 289.
num_space_uncommitted: 0.
num_chunks_returned_to_freelist: 0.
num_chunks_taken_from_freelist: 828.
num_chunk_merges: 0.
num_chunk_splits: 579.
num_chunks_enlarged: 445.
num_purges: 0.
num_inconsistent_stats: 0.

CodeHeap 'non-profiled nmethods': size=120000Kb used=1212Kb max_used=1212Kb free=118787Kb
 bounds [0x0000027f07ad0000, 0x0000027f07d40000, 0x0000027f0f000000]
CodeHeap 'profiled nmethods': size=120000Kb used=5945Kb max_used=5945Kb free=114054Kb
 bounds [0x0000027f005a0000, 0x0000027f00b70000, 0x0000027f07ad0000]
CodeHeap 'non-nmethods': size=5760Kb used=1467Kb max_used=1483Kb free=4292Kb
 bounds [0x0000027f00000000, 0x0000027f00270000, 0x0000027f005a0000]
 total_blobs=3947 nmethods=3123 adapters=736
 compilation: enabled
              stopped_count=0, restarted_count=0
 full_count=0

Compilation events (20 events):
Event: 33.684 Thread 0x0000027f7f3e5f20 3115   !   4       javafx.scene.Node::pickNode (130 bytes)
Event: 33.690 Thread 0x0000027f7f3e5f20 nmethod 3115 0x0000027f07bfa910 code [0x0000027f07bfaae0, 0x0000027f07bfb008]
Event: 38.776 Thread 0x0000027f7f3e5f20 3116       4       com.sun.javafx.event.EventHandlerManager::dispatchBubblingEvent (41 bytes)
Event: 38.784 Thread 0x0000027f7f3e5f20 nmethod 3116 0x0000027f07bfb710 code [0x0000027f07bfb8e0, 0x0000027f07bfbdb0]
Event: 39.131 Thread 0x0000027f7f3e5f20 3117       4       com.sun.javafx.collections.VetoableListDecorator::size (10 bytes)
Event: 39.133 Thread 0x0000027f7f3e5f20 nmethod 3117 0x0000027f07bfc310 code [0x0000027f07bfc4a0, 0x0000027f07bfc578]
Event: 39.830 Thread 0x0000027f7f3e5f20 3118       4       com.sun.javafx.scene.layout.RegionHelper::pickNodeLocalImpl (12 bytes)
Event: 39.843 Thread 0x0000027f7f3e5f20 nmethod 3118 0x0000027f07bfc690 code [0x0000027f07bfc8e0, 0x0000027f07bfd448]
Event: 85.513 Thread 0x0000027f7f3e5f20 3119       4       com.sun.javafx.tk.quantum.QuantumToolkit::postPulse (133 bytes)
Event: 85.518 Thread 0x0000027f7f3e5f20 nmethod 3119 0x0000027f07bfe310 code [0x0000027f07bfe4c0, 0x0000027f07bfe718]
Event: 86.457 Thread 0x0000027f7f3e5f20 3120       4       com.sun.javafx.tk.quantum.QuantumToolkit$$Lambda$105/0x0000000800c38618::run (8 bytes)
Event: 86.462 Thread 0x0000027f7f3e5f20 nmethod 3120 0x0000027f07bfea90 code [0x0000027f07bfec60, 0x0000027f07bfef28]
Event: 124.858 Thread 0x0000027f7f3f8870 3121  s!   3       jdk.internal.loader.URLClassPath::getLoader (194 bytes)
Event: 124.860 Thread 0x0000027f7f3f8870 nmethod 3121 0x0000027f00b6a310 code [0x0000027f00b6a600, 0x0000027f00b6b968]
Event: 154.865 Thread 0x0000027f7f3f8870 3122   !   3       jdk.internal.loader.URLClassPath$JarLoader::ensureOpen (36 bytes)
Event: 154.865 Thread 0x0000027f7f3f8870 nmethod 3122 0x0000027f00b6c110 code [0x0000027f00b6c2e0, 0x0000027f00b6c7d8]
Event: 159.866 Thread 0x0000027f7f3f8870 3123       3       jdk.internal.module.Resources::toPackageName (39 bytes)
Event: 159.866 Thread 0x0000027f7f3f8870 nmethod 3123 0x0000027f00b6c990 code [0x0000027f00b6cbc0, 0x0000027f00b6d258]
Event: 164.867 Thread 0x0000027f7f3f8870 3124   !   3       jdk.internal.loader.URLClassPath$JarLoader::getResource (65 bytes)
Event: 164.867 Thread 0x0000027f7f3f8870 nmethod 3124 0x0000027f00b6d510 code [0x0000027f00b6d760, 0x0000027f00b6e1e8]

GC Heap History (4 events):
Event: 0.478 GC heap before
{Heap before GC invocations=0 (full 0):
 garbage-first heap   total 260096K, used 20480K [0x0000000703200000, 0x0000000800000000)
  region size 2048K, 11 young (22528K), 0 survivors (0K)
 Metaspace       used 5150K, committed 5376K, reserved 1056768K
  class space    used 607K, committed 704K, reserved 1048576K
}
Event: 0.481 GC heap after
{Heap after GC invocations=1 (full 0):
 garbage-first heap   total 260096K, used 2815K [0x0000000703200000, 0x0000000800000000)
  region size 2048K, 2 young (4096K), 2 survivors (4096K)
 Metaspace       used 5150K, committed 5376K, reserved 1056768K
  class space    used 607K, committed 704K, reserved 1048576K
}
Event: 1.041 GC heap before
{Heap before GC invocations=1 (full 0):
 garbage-first heap   total 260096K, used 37631K [0x0000000703200000, 0x0000000800000000)
  region size 2048K, 19 young (38912K), 2 survivors (4096K)
 Metaspace       used 14292K, committed 14464K, reserved 1064960K
  class space    used 2108K, committed 2176K, reserved 1048576K
}
Event: 1.046 GC heap after
{Heap after GC invocations=2 (full 0):
 garbage-first heap   total 260096K, used 9341K [0x0000000703200000, 0x0000000800000000)
  region size 2048K, 3 young (6144K), 3 survivors (6144K)
 Metaspace       used 14292K, committed 14464K, reserved 1064960K
  class space    used 2108K, committed 2176K, reserved 1048576K
}

Deoptimization events (20 events):
Event: 9.856 Thread 0x0000027f10650a90 DEOPT PACKING pc=0x0000027f007fcd56 sp=0x00000087ff4f77d0
Event: 9.856 Thread 0x0000027f10650a90 DEOPT UNPACKING pc=0x0000027f00056763 sp=0x00000087ff4f6c70 mode 0
Event: 9.856 Thread 0x0000027f10650a90 DEOPT PACKING pc=0x0000027f007fcd56 sp=0x00000087ff4f77d0
Event: 9.856 Thread 0x0000027f10650a90 DEOPT UNPACKING pc=0x0000027f00056763 sp=0x00000087ff4f6c70 mode 0
Event: 9.856 Thread 0x0000027f10650a90 DEOPT PACKING pc=0x0000027f007fcd56 sp=0x00000087ff4f77d0
Event: 9.856 Thread 0x0000027f10650a90 DEOPT UNPACKING pc=0x0000027f00056763 sp=0x00000087ff4f6c70 mode 0
Event: 9.857 Thread 0x0000027f10650a90 DEOPT PACKING pc=0x0000027f007fcd56 sp=0x00000087ff4f77d0
Event: 9.857 Thread 0x0000027f10650a90 DEOPT UNPACKING pc=0x0000027f00056763 sp=0x00000087ff4f6c70 mode 0
Event: 9.926 Thread 0x0000027f10650a90 Uncommon trap: trap_request=0xffffff45 fr.pc=0x0000027f07b0c2c8 relative=0x00000000000000a8
Event: 9.926 Thread 0x0000027f10650a90 Uncommon trap: reason=unstable_if action=reinterpret pc=0x0000027f07b0c2c8 method=jdk.internal.misc.Unsafe.convEndian(ZI)I @ 4 c2
Event: 9.926 Thread 0x0000027f10650a90 DEOPT PACKING pc=0x0000027f07b0c2c8 sp=0x00000087ff4f9eb0
Event: 9.926 Thread 0x0000027f10650a90 DEOPT UNPACKING pc=0x0000027f00055c23 sp=0x00000087ff4f9d48 mode 2
Event: 9.964 Thread 0x0000027f10650a90 Uncommon trap: trap_request=0xffffff45 fr.pc=0x0000027f07b1d568 relative=0x0000000000000828
Event: 9.964 Thread 0x0000027f10650a90 Uncommon trap: reason=unstable_if action=reinterpret pc=0x0000027f07b1d568 method=java.lang.AbstractStringBuilder.append(Ljava/lang/String;)Ljava/lang/AbstractStringBuilder; @ 1 c2
Event: 9.964 Thread 0x0000027f10650a90 DEOPT PACKING pc=0x0000027f07b1d568 sp=0x00000087ff4fa400
Event: 9.964 Thread 0x0000027f10650a90 DEOPT UNPACKING pc=0x0000027f00055c23 sp=0x00000087ff4fa380 mode 2
Event: 9.964 Thread 0x0000027f10650a90 Uncommon trap: trap_request=0xffffff45 fr.pc=0x0000027f07b242e8 relative=0x0000000000000828
Event: 9.964 Thread 0x0000027f10650a90 Uncommon trap: reason=unstable_if action=reinterpret pc=0x0000027f07b242e8 method=java.lang.AbstractStringBuilder.append(Ljava/lang/String;)Ljava/lang/AbstractStringBuilder; @ 1 c2
Event: 9.964 Thread 0x0000027f10650a90 DEOPT PACKING pc=0x0000027f07b242e8 sp=0x00000087ff4fa390
Event: 9.964 Thread 0x0000027f10650a90 DEOPT UNPACKING pc=0x0000027f00055c23 sp=0x00000087ff4fa378 mode 2

Classes unloaded (0 events):
No events

Classes redefined (0 events):
No events

Internal exceptions (20 events):
Event: 0.735 Thread 0x0000027f10650a90 Implicit null exception at 0x0000027f07aec58f to 0x0000027f07aec609
Event: 0.831 Thread 0x0000027f10650a90 Exception <a 'java/lang/ClassNotFoundException'{0x00000007114b4ec8}: com/sun/javafx/scene/control/skin/resources/controls> (0x00000007114b4ec8) 
thrown [t:\workspace\open\src\hotspot\share\prims\jni.cpp, line 535]
Event: 0.832 Thread 0x0000027f10650a90 Exception <a 'java/lang/ClassNotFoundException'{0x00000007114c29c8}: com/sun/javafx/scene/control/skin/resources/controls_ru> (0x00000007114c29c8) 
thrown [t:\workspace\open\src\hotspot\share\prims\jni.cpp, line 535]
Event: 0.832 Thread 0x0000027f10650a90 Exception <a 'java/lang/ClassNotFoundException'{0x00000007114c3960}: com/sun/javafx/scene/control/skin/resources/controls_ru_RU> (0x00000007114c3960) 
thrown [t:\workspace\open\src\hotspot\share\prims\jni.cpp, line 535]
Event: 0.865 Thread 0x0000027f10650a90 Exception <a 'java/lang/NoSuchMethodError'{0x0000000711282e00}: 'void java.lang.invoke.DirectMethodHandle$Holder.invokeSpecial(java.lang.Object, java.lang.Object, java.lang.Object, java.lang.Object, java.lang.Object, java.lang.Object)'> (0x0000000711282e00) 
thrown [t:\workspace\open\src\hotspot\share\interpreter\linkResolver.cpp, line 766]
Event: 0.893 Thread 0x0000027f10650a90 Exception <a 'java/lang/NoSuchMethodError'{0x0000000711180278}: 'java.lang.Object java.lang.invoke.DirectMethodHandle$Holder.invokeInterface(java.lang.Object, java.lang.Object, java.lang.Object)'> (0x0000000711180278) 
thrown [t:\workspace\open\src\hotspot\share\interpreter\linkResolver.cpp, line 766]
Event: 0.893 Thread 0x0000027f10650a90 Exception <a 'java/lang/IncompatibleClassChangeError'{0x0000000711183c00}: Found class java.lang.Object, but interface was expected> (0x0000000711183c00) 
thrown [t:\workspace\open\src\hotspot\share\interpreter\linkResolver.cpp, line 833]
Event: 0.935 Thread 0x0000027f10650a90 Exception <a 'java/lang/NoSuchMethodError'{0x0000000710f748e0}: 'java.lang.Object java.lang.invoke.DirectMethodHandle$Holder.newInvokeSpecial(java.lang.Object, java.lang.Object, int)'> (0x0000000710f748e0) 
thrown [t:\workspace\open\src\hotspot\share\interpreter\linkResolver.cpp, line 766]
Event: 0.950 Thread 0x0000027f1040e040 Exception <a 'java/lang/NoSuchMethodError'{0x0000000710c7ec00}: 'int java.lang.invoke.DirectMethodHandle$Holder.invokeStaticInit(java.lang.Object, java.lang.Object)'> (0x0000000710c7ec00) 
thrown [t:\workspace\open\src\hotspot\share\interpreter\linkResolver.cpp, line 766]
Event: 0.954 Thread 0x0000027f10650a90 Exception <a 'java/lang/NoSuchMethodError'{0x0000000710c30660}: 'long java.lang.invoke.DirectMethodHandle$Holder.invokeStatic(java.lang.Object, java.lang.Object, java.lang.Object)'> (0x0000000710c30660) 
thrown [t:\workspace\open\src\hotspot\share\interpreter\linkResolver.cpp, line 766]
Event: 0.955 Thread 0x0000027f10650a90 Exception <a 'java/lang/NoSuchMethodError'{0x0000000710c33e08}: 'long java.lang.invoke.DirectMethodHandle$Holder.invokeStaticInit(java.lang.Object, java.lang.Object, java.lang.Object)'> (0x0000000710c33e08) 
thrown [t:\workspace\open\src\hotspot\share\interpreter\linkResolver.cpp, line 766]
Event: 0.956 Thread 0x0000027f10650a90 Exception <a 'java/lang/NoSuchMethodError'{0x0000000710c4ba10}: 'java.lang.Object java.lang.invoke.DirectMethodHandle$Holder.newInvokeSpecial(java.lang.Object, java.lang.Object, long)'> (0x0000000710c4ba10) 
thrown [t:\workspace\open\src\hotspot\share\interpreter\linkResolver.cpp, line 766]
Event: 0.956 Thread 0x0000027f10650a90 Exception <a 'java/lang/NoSuchMethodError'{0x0000000710c4f580}: 'java.lang.Object java.lang.invoke.Invokers$Holder.linkToTargetMethod(java.lang.Object, long, java.lang.Object)'> (0x0000000710c4f580) 
thrown [t:\workspace\open\src\hotspot\share\interpreter\linkResolver.cpp, line 766]
Event: 5.558 Thread 0x0000027f10650a90 Exception <a 'java/lang/NoSuchMethodError'{0x00000007128eb9d8}: 'java.lang.Object java.lang.invoke.DirectMethodHandle$Holder.newInvokeSpecial(java.lang.Object, java.lang.Object, int, int, int, int, int, java.lang.Object)'> (0x00000007128eb9d8) 
thrown [t:\workspace\open\src\hotspot\share\interpreter\linkResolver.cpp, line 766]
Event: 5.559 Thread 0x0000027f10650a90 Exception <a 'java/lang/NoSuchMethodError'{0x00000007128fef08}: 'java.lang.Object java.lang.invoke.DirectMethodHandle$Holder.newInvokeSpecial(java.lang.Object, java.lang.Object, java.lang.Object, int, int, int, int, int)'> (0x00000007128fef08) 
thrown [t:\workspace\open\src\hotspot\share\interpreter\linkResolver.cpp, line 766]
Event: 5.560 Thread 0x0000027f10650a90 Exception <a 'java/lang/NoSuchMethodError'{0x0000000712606980}: 'java.lang.Object java.lang.invoke.Invokers$Holder.linkToTargetMethod(java.lang.Object, java.lang.Object, int, int, int, int, int, java.lang.Object)'> (0x0000000712606980) 
thrown [t:\workspace\open\src\hotspot\share\interpreter\linkResolver.cpp, line 766]
Event: 9.842 Thread 0x0000027f10650a90 Exception <a 'sun/nio/fs/WindowsException'{0x00000007126db5c8}> (0x00000007126db5c8) 
thrown [t:\workspace\open\src\hotspot\share\prims\jni.cpp, line 516]
Event: 9.862 Thread 0x0000027f10650a90 Exception <a 'java/lang/NoSuchMethodError'{0x000000071246ef40}: 'java.lang.Object java.lang.invoke.DirectMethodHandle$Holder.invokeVirtual(java.lang.Object, java.lang.Object, java.lang.Object)'> (0x000000071246ef40) 
thrown [t:\workspace\open\src\hotspot\share\interpreter\linkResolver.cpp, line 766]
Event: 9.964 Thread 0x0000027f10650a90 Implicit null exception at 0x0000027f07b1cd72 to 0x0000027f07b1d550
Event: 9.964 Thread 0x0000027f10650a90 Implicit null exception at 0x0000027f07b23af2 to 0x0000027f07b242d0

VM Operations (20 events):
Event: 9.925 Executing VM operation: HandshakeAllThreads done
Event: 10.925 Executing VM operation: Cleanup
Event: 10.925 Executing VM operation: Cleanup done
Event: 11.926 Executing VM operation: Cleanup
Event: 11.926 Executing VM operation: Cleanup done
Event: 12.927 Executing VM operation: Cleanup
Event: 12.927 Executing VM operation: Cleanup done
Event: 14.928 Executing VM operation: Cleanup
Event: 14.929 Executing VM operation: Cleanup done
Event: 21.930 Executing VM operation: Cleanup
Event: 21.931 Executing VM operation: Cleanup done
Event: 22.931 Executing VM operation: Cleanup
Event: 22.931 Executing VM operation: Cleanup done
Event: 33.934 Executing VM operation: Cleanup
Event: 33.934 Executing VM operation: Cleanup done
Event: 35.934 Executing VM operation: Cleanup
Event: 35.934 Executing VM operation: Cleanup done
Event: 39.935 Executing VM operation: Cleanup
Event: 39.936 Executing VM operation: Cleanup done
Event: 178.620 Executing VM operation: Exit

Events (20 events):
Event: 9.937 loading class sun/nio/cs/KOI8_R done
Event: 9.937 loading class sun/nio/cs/MS1250
Event: 9.937 loading class sun/nio/cs/MS1250 done
Event: 9.937 loading class sun/nio/cs/MS1256
Event: 9.937 loading class sun/nio/cs/MS1256 done
Event: 9.937 loading class sun/nio/cs/MS1257
Event: 9.937 loading class sun/nio/cs/MS1257 done
Event: 9.938 loading class sun/nio/cs/UTF_32
Event: 9.938 loading class sun/nio/cs/UTF_32 done
Event: 9.983 loading class java/util/TimerTask
Event: 9.983 loading class java/util/TimerTask done
Event: 10.097 Thread 0x0000027f103b60b0 Thread exited: 0x0000027f103b60b0
Event: 178.619 loading class jdk/internal/misc/Signal$1
Event: 178.619 loading class jdk/internal/misc/Signal$1 done
Event: 178.619 Thread 0x0000027f1064edb0 Thread added: 0x0000027f1064edb0
Event: 178.619 Thread 0x0000027f1064f750 Thread added: 0x0000027f1064f750
Event: 178.619 Thread 0x0000027f1064f280 Thread added: 0x0000027f1064f280
Event: 178.620 Thread 0x0000027f1064f750 Thread exited: 0x0000027f1064f750
Event: 178.620 Thread 0x0000027f1064f280 Thread exited: 0x0000027f1064f280
Event: 178.620 Thread 0x0000027f7f3df360 Thread exited: 0x0000027f7f3df360


Dynamic libraries:
0x00007ff730980000 - 0x00007ff73098e000 	C:\Users\bogst\.jdks\openjdk-17.0.2\bin\java.exe
0x00007ffc05bf0000 - 0x00007ffc05de7000 	C:\Windows\SYSTEM32\ntdll.dll
0x00007ffc05370000 - 0x00007ffc0542d000 	C:\Windows\System32\KERNEL32.DLL
0x00007ffc03840000 - 0x00007ffc03b0d000 	C:\Windows\System32\KERNELBASE.dll
0x00007ffc035b0000 - 0x00007ffc036b0000 	C:\Windows\System32\ucrtbase.dll
0x00007ffbfd320000 - 0x00007ffbfd33a000 	C:\Users\bogst\.jdks\openjdk-17.0.2\bin\VCRUNTIME140.dll
0x00007ffbfdb50000 - 0x00007ffbfdb68000 	C:\Users\bogst\.jdks\openjdk-17.0.2\bin\jli.dll
0x00007ffc04e40000 - 0x00007ffc04fe0000 	C:\Windows\System32\USER32.dll
0x00007ffbfa240000 - 0x00007ffbfa4da000 	C:\Windows\WinSxS\amd64_microsoft.windows.common-controls_6595b64144ccf1df_6.0.19041.1110_none_60b5254171f9507e\COMCTL32.dll
0x00007ffc05920000 - 0x00007ffc059be000 	C:\Windows\System32\msvcrt.dll
0x00007ffc03c20000 - 0x00007ffc03c42000 	C:\Windows\System32\win32u.dll
0x00007ffc03dd0000 - 0x00007ffc03dfa000 	C:\Windows\System32\GDI32.dll
0x00007ffc03730000 - 0x00007ffc0383b000 	C:\Windows\System32\gdi32full.dll
0x00007ffc03b10000 - 0x00007ffc03bad000 	C:\Windows\System32\msvcp_win.dll
0x00007ffc04070000 - 0x00007ffc040a0000 	C:\Windows\System32\IMM32.DLL
0x00007ffbfe7b0000 - 0x00007ffbfe7bc000 	C:\Users\bogst\.jdks\openjdk-17.0.2\bin\vcruntime140_1.dll
0x00007ffbf9d10000 - 0x00007ffbf9d9d000 	C:\Users\bogst\.jdks\openjdk-17.0.2\bin\msvcp140.dll
0x00007ffb8fa40000 - 0x00007ffb90601000 	C:\Users\bogst\.jdks\openjdk-17.0.2\bin\server\jvm.dll
0x00007ffc05a70000 - 0x00007ffc05b1e000 	C:\Windows\System32\ADVAPI32.dll
0x00007ffc03d30000 - 0x00007ffc03dcc000 	C:\Windows\System32\sechost.dll
0x00007ffc03ee0000 - 0x00007ffc04005000 	C:\Windows\System32\RPCRT4.dll
0x00007ffc04e30000 - 0x00007ffc04e38000 	C:\Windows\System32\PSAPI.DLL
0x00007ffbfd180000 - 0x00007ffbfd1a7000 	C:\Windows\SYSTEM32\WINMM.dll
0x00007ffbfb560000 - 0x00007ffbfb56a000 	C:\Windows\SYSTEM32\VERSION.dll
0x00007ffbf9f10000 - 0x00007ffbf9f19000 	C:\Windows\SYSTEM32\WSOCK32.dll
0x00007ffc04da0000 - 0x00007ffc04e0b000 	C:\Windows\System32\WS2_32.dll
0x00007ffc01b90000 - 0x00007ffc01ba2000 	C:\Windows\SYSTEM32\kernel.appcore.dll
0x00007ffbfe720000 - 0x00007ffbfe72a000 	C:\Users\bogst\.jdks\openjdk-17.0.2\bin\jimage.dll
0x00007ffc00f10000 - 0x00007ffc010f4000 	C:\Windows\SYSTEM32\DBGHELP.DLL
0x00007ffbf7710000 - 0x00007ffbf773c000 	C:\Windows\SYSTEM32\dbgcore.DLL
0x00007ffc03310000 - 0x00007ffc03392000 	C:\Windows\System32\bcryptPrimitives.dll
0x00007ffbfa060000 - 0x00007ffbfa06e000 	C:\Users\bogst\.jdks\openjdk-17.0.2\bin\instrument.dll
0x00007ffbfa0a0000 - 0x00007ffbfa0c5000 	C:\Users\bogst\.jdks\openjdk-17.0.2\bin\java.dll
0x00007ffbf9c30000 - 0x00007ffbf9d06000 	C:\Users\bogst\.jdks\openjdk-17.0.2\bin\jsvml.dll
0x00007ffc040a0000 - 0x00007ffc047e4000 	C:\Windows\System32\SHELL32.dll
0x00007ffc013f0000 - 0x00007ffc01b84000 	C:\Windows\SYSTEM32\windows.storage.dll
0x00007ffc05430000 - 0x00007ffc05784000 	C:\Windows\System32\combase.dll
0x00007ffc02d70000 - 0x00007ffc02d9c000 	C:\Windows\SYSTEM32\Wldp.dll
0x00007ffc059c0000 - 0x00007ffc05a6d000 	C:\Windows\System32\SHCORE.dll
0x00007ffc04d30000 - 0x00007ffc04d85000 	C:\Windows\System32\shlwapi.dll
0x00007ffc03250000 - 0x00007ffc0326f000 	C:\Windows\SYSTEM32\profapi.dll
0x00007ffbf9c10000 - 0x00007ffbf9c29000 	C:\Users\bogst\.jdks\openjdk-17.0.2\bin\net.dll
0x00007ffbfe440000 - 0x00007ffbfe54a000 	C:\Windows\SYSTEM32\WINHTTP.dll
0x00007ffc02ad0000 - 0x00007ffc02b3a000 	C:\Windows\system32\mswsock.dll
0x00007ffbf9bf0000 - 0x00007ffbf9c06000 	C:\Users\bogst\.jdks\openjdk-17.0.2\bin\nio.dll
0x00007ffbf9880000 - 0x00007ffbf9898000 	C:\Users\bogst\.jdks\openjdk-17.0.2\bin\zip.dll
0x00007ffbf9860000 - 0x00007ffbf987a000 	D:\IntelliJ IDEA Community Edition 2021.2.2\bin\breakgen64.dll
0x0000027f11500000 - 0x0000027f11503000 	C:\Users\bogst\.openjfx\cache\17-ea\api-ms-win-core-console-l1-1-0.dll
0x0000027f11510000 - 0x0000027f11513000 	C:\Users\bogst\.openjfx\cache\17-ea\api-ms-win-core-console-l1-2-0.dll
0x0000027f11520000 - 0x0000027f11523000 	C:\Users\bogst\.openjfx\cache\17-ea\api-ms-win-core-datetime-l1-1-0.dll
0x0000027f11530000 - 0x0000027f11533000 	C:\Users\bogst\.openjfx\cache\17-ea\api-ms-win-core-debug-l1-1-0.dll
0x0000027f11540000 - 0x0000027f11543000 	C:\Users\bogst\.openjfx\cache\17-ea\api-ms-win-core-errorhandling-l1-1-0.dll
0x0000027f11550000 - 0x0000027f11554000 	C:\Users\bogst\.openjfx\cache\17-ea\api-ms-win-core-file-l1-1-0.dll
0x0000027f11560000 - 0x0000027f11563000 	C:\Users\bogst\.openjfx\cache\17-ea\api-ms-win-core-file-l1-2-0.dll
0x0000027f11570000 - 0x0000027f11573000 	C:\Users\bogst\.openjfx\cache\17-ea\api-ms-win-core-file-l2-1-0.dll
0x0000027f11580000 - 0x0000027f11583000 	C:\Users\bogst\.openjfx\cache\17-ea\api-ms-win-core-handle-l1-1-0.dll
0x0000027f11590000 - 0x0000027f11593000 	C:\Users\bogst\.openjfx\cache\17-ea\api-ms-win-core-heap-l1-1-0.dll
0x0000027f115a0000 - 0x0000027f115a3000 	C:\Users\bogst\.openjfx\cache\17-ea\api-ms-win-core-interlocked-l1-1-0.dll
0x0000027f115b0000 - 0x0000027f115b3000 	C:\Users\bogst\.openjfx\cache\17-ea\api-ms-win-core-libraryloader-l1-1-0.dll
0x0000027f115c0000 - 0x0000027f115c3000 	C:\Users\bogst\.openjfx\cache\17-ea\api-ms-win-core-localization-l1-2-0.dll
0x0000027f115d0000 - 0x0000027f115d3000 	C:\Users\bogst\.openjfx\cache\17-ea\api-ms-win-core-memory-l1-1-0.dll
0x0000027f115e0000 - 0x0000027f115e3000 	C:\Users\bogst\.openjfx\cache\17-ea\api-ms-win-core-namedpipe-l1-1-0.dll
0x0000027f115f0000 - 0x0000027f115f3000 	C:\Users\bogst\.openjfx\cache\17-ea\api-ms-win-core-processenvironment-l1-1-0.dll
0x0000027f11600000 - 0x0000027f11603000 	C:\Users\bogst\.openjfx\cache\17-ea\api-ms-win-core-processthreads-l1-1-0.dll
0x0000027f11610000 - 0x0000027f11613000 	C:\Users\bogst\.openjfx\cache\17-ea\api-ms-win-core-processthreads-l1-1-1.dll
0x0000027f11620000 - 0x0000027f11623000 	C:\Users\bogst\.openjfx\cache\17-ea\api-ms-win-core-profile-l1-1-0.dll
0x0000027f11630000 - 0x0000027f11633000 	C:\Users\bogst\.openjfx\cache\17-ea\api-ms-win-core-rtlsupport-l1-1-0.dll
0x0000027f11640000 - 0x0000027f11643000 	C:\Users\bogst\.openjfx\cache\17-ea\api-ms-win-core-string-l1-1-0.dll
0x0000027f11650000 - 0x0000027f11653000 	C:\Users\bogst\.openjfx\cache\17-ea\api-ms-win-core-synch-l1-1-0.dll
0x0000027f11660000 - 0x0000027f11663000 	C:\Users\bogst\.openjfx\cache\17-ea\api-ms-win-core-synch-l1-2-0.dll
0x0000027f11670000 - 0x0000027f11673000 	C:\Users\bogst\.openjfx\cache\17-ea\api-ms-win-core-sysinfo-l1-1-0.dll
0x0000027f11680000 - 0x0000027f11683000 	C:\Users\bogst\.openjfx\cache\17-ea\api-ms-win-core-timezone-l1-1-0.dll
0x0000027f11690000 - 0x0000027f11693000 	C:\Users\bogst\.openjfx\cache\17-ea\api-ms-win-core-util-l1-1-0.dll
0x0000027f116a0000 - 0x0000027f116a3000 	C:\Users\bogst\.openjfx\cache\17-ea\api-ms-win-crt-conio-l1-1-0.dll
0x0000027f116b0000 - 0x0000027f116b4000 	C:\Users\bogst\.openjfx\cache\17-ea\api-ms-win-crt-convert-l1-1-0.dll
0x0000027f116c0000 - 0x0000027f116c3000 	C:\Users\bogst\.openjfx\cache\17-ea\api-ms-win-crt-environment-l1-1-0.dll
0x0000027f116d0000 - 0x0000027f116d3000 	C:\Users\bogst\.openjfx\cache\17-ea\api-ms-win-crt-filesystem-l1-1-0.dll
0x0000027f116e0000 - 0x0000027f116e3000 	C:\Users\bogst\.openjfx\cache\17-ea\api-ms-win-crt-heap-l1-1-0.dll
0x0000027f116f0000 - 0x0000027f116f3000 	C:\Users\bogst\.openjfx\cache\17-ea\api-ms-win-crt-locale-l1-1-0.dll
0x0000027f11700000 - 0x0000027f11705000 	C:\Users\bogst\.openjfx\cache\17-ea\api-ms-win-crt-math-l1-1-0.dll
0x0000027f11710000 - 0x0000027f11715000 	C:\Users\bogst\.openjfx\cache\17-ea\api-ms-win-crt-multibyte-l1-1-0.dll
0x0000027f11720000 - 0x0000027f11730000 	C:\Users\bogst\.openjfx\cache\17-ea\api-ms-win-crt-private-l1-1-0.dll
0x0000027f11730000 - 0x0000027f11733000 	C:\Users\bogst\.openjfx\cache\17-ea\api-ms-win-crt-process-l1-1-0.dll
0x0000027f11740000 - 0x0000027f11744000 	C:\Users\bogst\.openjfx\cache\17-ea\api-ms-win-crt-runtime-l1-1-0.dll
0x0000027f11750000 - 0x0000027f11754000 	C:\Users\bogst\.openjfx\cache\17-ea\api-ms-win-crt-stdio-l1-1-0.dll
0x0000027f11760000 - 0x0000027f11764000 	C:\Users\bogst\.openjfx\cache\17-ea\api-ms-win-crt-string-l1-1-0.dll
0x0000027f11770000 - 0x0000027f11773000 	C:\Users\bogst\.openjfx\cache\17-ea\api-ms-win-crt-time-l1-1-0.dll
0x0000027f11780000 - 0x0000027f11783000 	C:\Users\bogst\.openjfx\cache\17-ea\api-ms-win-crt-utility-l1-1-0.dll
0x00007ffbb10c0000 - 0x00007ffbb11bc000 	C:\Users\bogst\.openjfx\cache\17-ea\ucrtbase.dll
0x00007ffbf9840000 - 0x00007ffbf985a000 	C:\Users\bogst\.openjfx\cache\17-ea\vcruntime140.dll
0x00007ffbf9670000 - 0x00007ffbf967c000 	C:\Users\bogst\.openjfx\cache\17-ea\vcruntime140_1.dll
0x00007ffbba040000 - 0x00007ffbba0cd000 	C:\Users\bogst\.openjfx\cache\17-ea\msvcp140.dll
0x00007ffbf2c80000 - 0x00007ffbf2ca7000 	C:\Users\bogst\.openjfx\cache\17-ea\prism_d3d.dll
0x00007ffbc9530000 - 0x00007ffbc96ff000 	C:\Windows\system32\d3d9.dll
0x00007ffc00a10000 - 0x00007ffc00a3f000 	C:\Windows\SYSTEM32\dwmapi.dll
0x00007ffc00830000 - 0x00007ffc008ce000 	C:\Windows\system32\uxtheme.dll
0x00007ffbc93c0000 - 0x00007ffbc9525000 	C:\Windows\System32\DriverStore\FileRepository\iigd_dch.inf_amd64_96f7ef6e34f28833\igdumdim64.dll
0x00007ffc057f0000 - 0x00007ffc0591a000 	C:\Windows\System32\ole32.dll
0x00007ffbc2690000 - 0x00007ffbc625b000 	C:\Windows\System32\DriverStore\FileRepository\iigd_dch.inf_amd64_96f7ef6e34f28833\igd9dxva64.dll
0x00007ffc04c60000 - 0x00007ffc04d2d000 	C:\Windows\System32\OLEAUT32.dll
0x00007ffc047f0000 - 0x00007ffc04c5f000 	C:\Windows\System32\SETUPAPI.dll
0x00007ffc036b0000 - 0x00007ffc036fe000 	C:\Windows\System32\cfgmgr32.dll
0x00007ffc03700000 - 0x00007ffc03727000 	C:\Windows\System32\bcrypt.dll
0x00007ffbf5870000 - 0x00007ffbf5ba1000 	C:\Windows\System32\DriverStore\FileRepository\iigd_dch.inf_amd64_96f7ef6e34f28833\igdgmm64.dll
0x00007ffbf2ab0000 - 0x00007ffbf2af2000 	C:\Users\bogst\.openjfx\cache\17-ea\glass.dll
0x00007ffc03c50000 - 0x00007ffc03d2b000 	C:\Windows\System32\COMDLG32.dll
0x00007ffbbddb0000 - 0x00007ffbbdee8000 	C:\ProgramData\A-Volute\A-Volute.Nahimic\Modules\Scheduled\x64\AudioDevProps2.dll
0x00007ffc04fe0000 - 0x00007ffc050f5000 	C:\Windows\System32\MSCTF.dll
0x00007ffbcb5e0000 - 0x00007ffbcb607000 	C:\Windows\System32\DriverStore\FileRepository\iigd_dch.inf_amd64_96f7ef6e34f28833\igdinfo64.dll
0x00007ffbee4c0000 - 0x00007ffbf11fc000 	C:\Windows\System32\DriverStore\FileRepository\iigd_dch.inf_amd64_96f7ef6e34f28833\igc64.dll
0x00007ffbf76b0000 - 0x00007ffbf76eb000 	C:\Windows\SYSTEM32\dxcore.dll
0x00007ffbf29c0000 - 0x00007ffbf29d4000 	C:\Users\bogst\.openjfx\cache\17-ea\javafx_font.dll
0x00007ffbfc730000 - 0x00007ffbfc9af000 	C:\Windows\SYSTEM32\dwrite.dll
0x00007ffc052b0000 - 0x00007ffc05359000 	C:\Windows\System32\clbcatq.dll
0x00007ffbfb380000 - 0x00007ffbfb534000 	C:\Windows\SYSTEM32\WindowsCodecs.dll
0x00007ffbd9350000 - 0x00007ffbd938e000 	C:\Windows\system32\dataexchange.dll
0x00007ffbfe9c0000 - 0x00007ffbfec23000 	C:\Windows\system32\d3d11.dll
0x00007ffbff090000 - 0x00007ffbff274000 	C:\Windows\system32\dcomp.dll
0x00007ffc01c10000 - 0x00007ffc01d03000 	C:\Windows\system32\dxgi.dll
0x00007ffbfb580000 - 0x00007ffbfb780000 	C:\Windows\system32\twinapi.appcore.dll
0x00007ffbb05c0000 - 0x00007ffbb05f4000 	C:\Program Files\Common Files\Microsoft Shared\Ink\rtscom.dll
0x00007ffbf1320000 - 0x00007ffbf1419000 	C:\Windows\SYSTEM32\textinputframework.dll
0x00007ffbfff20000 - 0x00007ffc00012000 	C:\Windows\System32\CoreMessaging.dll
0x00007ffbff840000 - 0x00007ffbffb9e000 	C:\Windows\System32\CoreUIComponents.dll
0x00007ffc02010000 - 0x00007ffc02043000 	C:\Windows\SYSTEM32\ntmarta.dll
0x00007ffbfe800000 - 0x00007ffbfe954000 	C:\Windows\SYSTEM32\wintypes.dll
0x00007ffc027c0000 - 0x00007ffc0288b000 	C:\Windows\SYSTEM32\DNSAPI.dll
0x00007ffc02770000 - 0x00007ffc027ab000 	C:\Windows\SYSTEM32\IPHLPAPI.DLL

dbghelp: loaded successfully - version: 4.0.5 - missing functions: none
symbol engine: initialized successfully - sym options: 0x614 - pdb path: .;C:\Users\bogst\.jdks\openjdk-17.0.2\bin;C:\Windows\SYSTEM32;C:\Windows\WinSxS\amd64_microsoft.windows.common-controls_6595b64144ccf1df_6.0.19041.1110_none_60b5254171f9507e;C:\Users\bogst\.jdks\openjdk-17.0.2\bin\server;D:\IntelliJ IDEA Community Edition 2021.2.2\bin;C:\Users\bogst\.openjfx\cache\17-ea;C:\Windows\System32\DriverStore\FileRepository\iigd_dch.inf_amd64_96f7ef6e34f28833;C:\ProgramData\A-Volute\A-Volute.Nahimic\Modules\Scheduled\x64;C:\Program Files\Common Files\Microsoft Shared\Ink

VM Arguments:
jvm_args: -javaagent:D:\IntelliJ IDEA Community Edition 2021.2.2\lib\idea_rt.jar=52286:D:\IntelliJ IDEA Community Edition 2021.2.2\bin -Dfile.encoding=UTF-8 --module-path=D:\Проекты джава\InterfaceBase\mysql-connector-java-8.0.25.jar;D:\Проекты джава\InterfaceBase\target\classes;C:\Users\bogst\.m2\repository\org\openjfx\javafx-base\17-ea+11\javafx-base-17-ea+11-win.jar;C:\Users\bogst\.m2\repository\org\openjfx\javafx-fxml\17-ea+11\javafx-fxml-17-ea+11-win.jar;C:\Users\bogst\.m2\repository\org\openjfx\javafx-controls\17-ea+11\javafx-controls-17-ea+11-win.jar;C:\Users\bogst\.m2\repository\org\openjfx\javafx-graphics\17-ea+11\javafx-graphics-17-ea+11-win.jar -Djdk.module.main=com.example.interfacebase 
java_command: com.example.interfacebase/com.example.interfacebase.HelloApplication
java_class_path (initial): C:\Users\bogst\.m2\repository\org\openjfx\javafx-controls\17-ea+11\javafx-controls-17-ea+11.jar;C:\Users\bogst\.m2\repository\org\openjfx\javafx-graphics\17-ea+11\javafx-graphics-17-ea+11.jar;C:\Users\bogst\.m2\repository\org\openjfx\javafx-base\17-ea+11\javafx-base-17-ea+11.jar;C:\Users\bogst\.m2\repository\org\openjfx\javafx-fxml\17-ea+11\javafx-fxml-17-ea+11.jar
Launcher Type: SUN_STANDARD

[Global flags]
     intx CICompilerCount                          = 4                                         {product} {ergonomic}
     uint ConcGCThreads                            = 2                                         {product} {ergonomic}
     uint G1ConcRefinementThreads                  = 8                                         {product} {ergonomic}
   size_t G1HeapRegionSize                         = 2097152                                   {product} {ergonomic}
    uintx GCDrainStackTargetSize                   = 64                                        {product} {ergonomic}
   size_t InitialHeapSize                          = 266338304                                 {product} {ergonomic}
   size_t MarkStackSize                            = 4194304                                   {product} {ergonomic}
   size_t MaxHeapSize                              = 4242538496                                {product} {ergonomic}
   size_t MaxNewSize                               = 2543845376                                {product} {ergonomic}
   size_t MinHeapDeltaBytes                        = 2097152                                   {product} {ergonomic}
   size_t MinHeapSize                              = 8388608                                   {product} {ergonomic}
    uintx NonNMethodCodeHeapSize                   = 5839372                                {pd product} {ergonomic}
    uintx NonProfiledCodeHeapSize                  = 122909434                              {pd product} {ergonomic}
    uintx ProfiledCodeHeapSize                     = 122909434                              {pd product} {ergonomic}
    uintx ReservedCodeCacheSize                    = 251658240                              {pd product} {ergonomic}
     bool SegmentedCodeCache                       = true                                      {product} {ergonomic}
   size_t SoftMaxHeapSize                          = 4242538496                             {manageable} {ergonomic}
     bool UseCompressedClassPointers               = true                           {product lp64_product} {ergonomic}
     bool UseCompressedOops                        = true                           {product lp64_product} {ergonomic}
     bool UseG1GC                                  = true                                      {product} {ergonomic}
     bool UseLargePagesIndividualAllocation        = false                                  {pd product} {ergonomic}

Logging:
Log output configuration:
 #0: stdout all=off uptime,level,tags
 #1: stderr all=off uptime,level,tags

Environment Variables:
PATH=C:\ProgramData\Oracle\Java\javapath;C:\Program Files\Common Files\Oracle\Java\javapath;C:\Windows\system32;C:\Windows;C:\Windows\System32\Wbem;C:\Windows\System32\WindowsPowerShell\v1.0\;C:\Windows\System32\OpenSSH\;C:\Users\bogst\AppData\Local\Programs\Python\Python39\Scripts\;C:\Users\bogst\AppData\Local\Programs\Python\Python39\;C:\Users\bogst\AppData\Local\Microsoft\WindowsApps;;D:\IntelliJ IDEA Community Edition 2021.2.2\bin;;D:\Скачанные\Microsoft VS Code\bin
USERNAME=bogst
OS=Windows_NT
PROCESSOR_IDENTIFIER=Intel64 Family 6 Model 140 Stepping 1, GenuineIntel



---------------  S Y S T E M  ---------------

OS:
 Windows 10 , 64 bit Build 19041 (10.0.19041.1741)
OS uptime: 4 days 13:02 hours

CPU: total 8 (initial active 8) (4 cores per cpu, 2 threads per core) family 6 model 140 stepping 1 microcode 0x6e, cx8, cmov, fxsr, ht, mmx, 3dnowpref, sse, sse2, sse3, ssse3, sse4.1, sse4.2, popcnt, lzcnt, tsc, tscinvbit, avx, avx2, aes, erms, clmul, bmi1, bmi2, adx, avx512f, avx512dq, avx512cd, avx512bw, avx512vl, sha, fma, vzeroupper, avx512_vpopcntdq, avx512_vpclmulqdq, avx512_vaes, avx512_vnni, clflush, clflushopt, clwb, avx512_vbmi2, avx512_vbmi

Memory: 4k page, system-wide physical 16183M (7877M free)
TotalPageFile size 18615M (AvailPageFile size 7941M)
current process WorkingSet (physical memory assigned to process): 172M, peak: 182M
current process commit charge ("private bytes"): 420M, peak: 434M

vm_info: OpenJDK 64-Bit Server VM (17.0.2+8-86) for windows-amd64 JRE (17.0.2+8-86), built on Dec  7 2021 21:49:10 by "mach5one" with MS VC++ 16.8 / 16.9 (VS2019)

END.
